  [1m[35m (98.4ms)[0m  [1m[35mCREATE DATABASE "photo_sharing" ENCODING = 'unicode'[0m
  [1m[35m (25.5ms)[0m  [1m[35mCREATE DATABASE "photo_test" ENCODING = 'unicode'[0m
  [1m[35m (25.6ms)[0m  [1m[35mCREATE TABLE "schema_migrations" ("version" character varying NOT NULL PRIMARY KEY)[0m
  [1m[35m (5.7ms)[0m  [1m[35mCREATE TABLE "ar_internal_metadata" ("key" character varying NOT NULL PRIMARY KEY, "value" character varying, "created_at" timestamp(6) NOT NULL, "updated_at" timestamp(6) NOT NULL)[0m
  [1m[35m (0.1ms)[0m  [1m[34mSELECT pg_try_advisory_lock(5353151667703147665)[0m
  [1m[36mActiveRecord::SchemaMigration Load (0.2ms)[0m  [1m[34mSELECT "schema_migrations"."version" FROM "schema_migrations" ORDER BY "schema_migrations"."version" ASC[0m
  [1m[36mActiveRecord::InternalMetadata Load (0.3ms)[0m  [1m[34mSELECT * FROM "ar_internal_metadata" WHERE "ar_internal_metadata"."key" = $1 ORDER BY "ar_internal_metadata"."key" ASC LIMIT 1[0m  [[nil, "environment"]]
  [1m[36mActiveRecord::InternalMetadata Create (1.5ms)[0m  [1m[32mINSERT INTO "ar_internal_metadata" ("key", "value", "created_at", "updated_at") VALUES ('environment', 'development', '2024-09-14 18:04:12.125055', '2024-09-14 18:04:12.125057') RETURNING "key"[0m
Migrating to CreateUsers (20240912004421)
  [1m[36mTRANSACTION (0.0ms)[0m  [1m[35mBEGIN[0m
  [1m[35m (4.0ms)[0m  [1m[35mCREATE TABLE "users" ("id" bigserial primary key, "created_at" timestamp(6) NOT NULL, "updated_at" timestamp(6) NOT NULL)[0m
  [1m[36mActiveRecord::SchemaMigration Create (0.1ms)[0m  [1m[32mINSERT INTO "schema_migrations" ("version") VALUES ('20240912004421') RETURNING "version"[0m
  [1m[36mTRANSACTION (1.3ms)[0m  [1m[35mCOMMIT[0m
Migrating to CreatePosts (20240912004937)
  [1m[36mTRANSACTION (0.0ms)[0m  [1m[35mBEGIN[0m
  [1m[35m (3.1ms)[0m  [1m[35mCREATE TABLE "posts" ("id" bigserial primary key, "created_at" timestamp(6) NOT NULL, "updated_at" timestamp(6) NOT NULL)[0m
  [1m[36mActiveRecord::SchemaMigration Create (0.2ms)[0m  [1m[32mINSERT INTO "schema_migrations" ("version") VALUES ('20240912004937') RETURNING "version"[0m
  [1m[36mTRANSACTION (1.3ms)[0m  [1m[35mCOMMIT[0m
Migrating to CreatePhotos (20240914180153)
  [1m[36mTRANSACTION (0.0ms)[0m  [1m[35mBEGIN[0m
  [1m[35m (6.3ms)[0m  [1m[35mCREATE TABLE "photos" ("id" bigserial primary key, "user_id" bigint NOT NULL, "photo_url" character varying, "description" text, "created_at" timestamp(6) NOT NULL, "updated_at" timestamp(6) NOT NULL, CONSTRAINT "fk_rails_c79d76afc0"
FOREIGN KEY ("user_id")
  REFERENCES "users" ("id")
)[0m
  [1m[35m (2.4ms)[0m  [1m[35mCREATE INDEX "index_photos_on_user_id" ON "photos" ("user_id")[0m
  [1m[36mActiveRecord::SchemaMigration Create (0.2ms)[0m  [1m[32mINSERT INTO "schema_migrations" ("version") VALUES ('20240914180153') RETURNING "version"[0m
  [1m[36mTRANSACTION (1.3ms)[0m  [1m[35mCOMMIT[0m
Migrating to CreateLikes (20240914180200)
  [1m[36mTRANSACTION (0.0ms)[0m  [1m[35mBEGIN[0m
  [1m[35m (3.4ms)[0m  [1m[35mCREATE TABLE "likes" ("id" bigserial primary key, "user_id" bigint NOT NULL, "photo_id" bigint NOT NULL, "created_at" timestamp(6) NOT NULL, "updated_at" timestamp(6) NOT NULL, CONSTRAINT "fk_rails_1e09b5dabf"
FOREIGN KEY ("user_id")
  REFERENCES "users" ("id")
, CONSTRAINT "fk_rails_42d246f2ea"
FOREIGN KEY ("photo_id")
  REFERENCES "photos" ("id")
)[0m
  [1m[35m (2.4ms)[0m  [1m[35mCREATE INDEX "index_likes_on_user_id" ON "likes" ("user_id")[0m
  [1m[35m (2.6ms)[0m  [1m[35mCREATE INDEX "index_likes_on_photo_id" ON "likes" ("photo_id")[0m
  [1m[36mActiveRecord::SchemaMigration Create (0.3ms)[0m  [1m[32mINSERT INTO "schema_migrations" ("version") VALUES ('20240914180200') RETURNING "version"[0m
  [1m[36mTRANSACTION (1.1ms)[0m  [1m[35mCOMMIT[0m
  [1m[35m (0.1ms)[0m  [1m[34mSELECT pg_advisory_unlock(5353151667703147665)[0m
  [1m[36mActiveRecord::SchemaMigration Load (0.1ms)[0m  [1m[34mSELECT "schema_migrations"."version" FROM "schema_migrations" ORDER BY "schema_migrations"."version" ASC[0m
  [1m[36mActiveRecord::SchemaMigration Load (0.2ms)[0m  [1m[34mSELECT "schema_migrations"."version" FROM "schema_migrations" ORDER BY "schema_migrations"."version" ASC[0m
